2018-08-05 21:47:39.021  INFO 8740 --- [restartedMain] c.s.alittledemo.AlittledemoApplication   : Starting AlittledemoApplication on Sola with PID 8740 (started by Sola in D:\IntelliJ IDEA Projects\alittledemo)
2018-08-05 21:47:39.021  INFO 8740 --- [restartedMain] c.s.alittledemo.AlittledemoApplication   : No active profile set, falling back to default profiles: default
2018-08-05 21:47:39.084  INFO 8740 --- [restartedMain] ConfigServletWebServerApplicationContext : Refreshing org.springframework.boot.web.servlet.context.AnnotationConfigServletWebServerApplicationContext@2913fe15: startup date [Sun Aug 05 21:47:39 CST 2018]; root of context hierarchy
2018-08-05 21:47:39.990  WARN 8740 --- [restartedMain] o.m.s.mapper.ClassPathMapperScanner      : No MyBatis mapper was found in '[com.sola.alittledemo]' package. Please check your configuration.
2018-08-05 21:47:40.457  INFO 8740 --- [restartedMain] trationDelegate$BeanPostProcessorChecker : Bean 'org.springframework.kafka.annotation.KafkaBootstrapConfiguration' of type [org.springframework.kafka.annotation.KafkaBootstrapConfiguration$$EnhancerBySpringCGLIB$$cc42c90b] is not eligible for getting processed by all BeanPostProcessors (for example: not eligible for auto-proxying)
2018-08-05 21:47:40.520  INFO 8740 --- [restartedMain] trationDelegate$BeanPostProcessorChecker : Bean 'org.springframework.transaction.annotation.ProxyTransactionManagementConfiguration' of type [org.springframework.transaction.annotation.ProxyTransactionManagementConfiguration$$EnhancerBySpringCGLIB$$f890b788] is not eligible for getting processed by all BeanPostProcessors (for example: not eligible for auto-proxying)
2018-08-05 21:47:41.098  INFO 8740 --- [restartedMain] o.s.b.w.embedded.tomcat.TomcatWebServer  : Tomcat initialized with port(s): 9000 (http)
2018-08-05 21:47:41.113  INFO 8740 --- [restartedMain] o.apache.catalina.core.StandardService   : Starting service [Tomcat]
2018-08-05 21:47:41.113  INFO 8740 --- [restartedMain] org.apache.catalina.core.StandardEngine  : Starting Servlet Engine: Apache Tomcat/8.5.32
2018-08-05 21:47:41.129  INFO 8740 --- [localhost-startStop-1] o.a.catalina.core.AprLifecycleListener   : The APR based Apache Tomcat Native library which allows optimal performance in production environments was not found on the java.library.path: [D:\Java\jdk1.8.0_181\bin;C:\WINDOWS\Sun\Java\bin;C:\WINDOWS\system32;C:\WINDOWS;C:\Program Files (x86)\Common Files\Oracle\Java\javapath;C:\WINDOWS\SYSTEM32;C:\WINDOWS;C:\WINDOWS\SYSTEM32\WBEM;C:\WINDOWS\SYSTEM32\WINDOWSPOWERSHELL\V1.0\;C:\WINDOWS\SYSTEM32\OPENSSH\;C:\Program Files (x86)\NVIDIA Corporation\PhysX\Common;D:\Git\cmd;C:\Android;C:\Windows\System32;C:\Users\Sola\AppData\Local\Microsoft\WindowsApps;;.]
2018-08-05 21:47:41.238  INFO 8740 --- [localhost-startStop-1] o.a.c.c.C.[Tomcat].[localhost].[/sola]   : Initializing Spring embedded WebApplicationContext
2018-08-05 21:47:41.238  INFO 8740 --- [localhost-startStop-1] o.s.web.context.ContextLoader            : Root WebApplicationContext: initialization completed in 2154 ms
2018-08-05 21:47:41.317  INFO 8740 --- [localhost-startStop-1] o.s.b.w.servlet.ServletRegistrationBean  : Servlet dispatcherServlet mapped to [/]
2018-08-05 21:47:41.332  INFO 8740 --- [localhost-startStop-1] o.s.b.w.servlet.FilterRegistrationBean   : Mapping filter: 'characterEncodingFilter' to: [/*]
2018-08-05 21:47:41.332  INFO 8740 --- [localhost-startStop-1] o.s.b.w.servlet.FilterRegistrationBean   : Mapping filter: 'hiddenHttpMethodFilter' to: [/*]
2018-08-05 21:47:41.332  INFO 8740 --- [localhost-startStop-1] o.s.b.w.servlet.FilterRegistrationBean   : Mapping filter: 'httpPutFormContentFilter' to: [/*]
2018-08-05 21:47:41.332  INFO 8740 --- [localhost-startStop-1] o.s.b.w.servlet.FilterRegistrationBean   : Mapping filter: 'requestContextFilter' to: [/*]
2018-08-05 21:47:41.473  INFO 8740 --- [restartedMain] o.s.w.s.handler.SimpleUrlHandlerMapping  : Mapped URL path [/**/favicon.ico] onto handler of type [class org.springframework.web.servlet.resource.ResourceHttpRequestHandler]
2018-08-05 21:47:41.723  INFO 8740 --- [restartedMain] s.w.s.m.m.a.RequestMappingHandlerAdapter : Looking for @ControllerAdvice: org.springframework.boot.web.servlet.context.AnnotationConfigServletWebServerApplicationContext@2913fe15: startup date [Sun Aug 05 21:47:39 CST 2018]; root of context hierarchy
2018-08-05 21:47:41.785  INFO 8740 --- [restartedMain] s.w.s.m.m.a.RequestMappingHandlerMapping : Mapped "{[/user/{userId}],methods=[GET]}" onto public java.lang.Object com.sola.alittledemo.controller.UserController.getUser(java.lang.Long)
2018-08-05 21:47:41.785  INFO 8740 --- [restartedMain] s.w.s.m.m.a.RequestMappingHandlerMapping : Mapped "{[/error]}" onto public org.springframework.http.ResponseEntity<java.util.Map<java.lang.String, java.lang.Object>> org.springframework.boot.autoconfigure.web.servlet.error.BasicErrorController.error(javax.servlet.http.HttpServletRequest)
2018-08-05 21:47:41.785  INFO 8740 --- [restartedMain] s.w.s.m.m.a.RequestMappingHandlerMapping : Mapped "{[/error],produces=[text/html]}" onto public org.springframework.web.servlet.ModelAndView org.springframework.boot.autoconfigure.web.servlet.error.BasicErrorController.errorHtml(javax.servlet.http.HttpServletRequest,javax.servlet.http.HttpServletResponse)
2018-08-05 21:47:41.832  INFO 8740 --- [restartedMain] o.s.w.s.handler.SimpleUrlHandlerMapping  : Mapped URL path [/webjars/**] onto handler of type [class org.springframework.web.servlet.resource.ResourceHttpRequestHandler]
2018-08-05 21:47:41.832  INFO 8740 --- [restartedMain] o.s.w.s.handler.SimpleUrlHandlerMapping  : Mapped URL path [/**] onto handler of type [class org.springframework.web.servlet.resource.ResourceHttpRequestHandler]
2018-08-05 21:47:41.895  WARN 8740 --- [restartedMain] ConfigServletWebServerApplicationContext : Exception encountered during context initialization - cancelling refresh attempt: org.springframework.beans.factory.BeanCreationException: Error creating bean with name 'dataSource' defined in class path resource [org/springframework/boot/autoconfigure/jdbc/DataSourceConfiguration$Hikari.class]: Bean instantiation via factory method failed; nested exception is org.springframework.beans.BeanInstantiationException: Failed to instantiate [com.zaxxer.hikari.HikariDataSource]: Factory method 'dataSource' threw exception; nested exception is org.springframework.boot.autoconfigure.jdbc.DataSourceProperties$DataSourceBeanCreationException: Failed to determine a suitable driver class
2018-08-05 21:47:41.910  INFO 8740 --- [restartedMain] o.apache.catalina.core.StandardService   : Stopping service [Tomcat]
2018-08-05 21:47:41.926  INFO 8740 --- [restartedMain] ConditionEvaluationReportLoggingListener : 

Error starting ApplicationContext. To display the conditions report re-run your application with 'debug' enabled.
2018-08-05 21:47:41.926 ERROR 8740 --- [restartedMain] o.s.b.d.LoggingFailureAnalysisReporter   : 

***************************
APPLICATION FAILED TO START
***************************

Description:

Failed to configure a DataSource: 'url' attribute is not specified and no embedded datasource could be configured.

Reason: Failed to determine a suitable driver class


Action:

Consider the following:
	If you want an embedded database (H2, HSQL or Derby), please put it on the classpath.
	If you have database settings to be loaded from a particular profile you may need to activate it (no profiles are currently active).

2018-08-05 21:49:06.265  INFO 3900 --- [restartedMain] c.s.alittledemo.AlittledemoApplication   : Starting AlittledemoApplication on Sola with PID 3900 (started by Sola in D:\IntelliJ IDEA Projects\alittledemo)
2018-08-05 21:49:06.280  INFO 3900 --- [restartedMain] c.s.alittledemo.AlittledemoApplication   : No active profile set, falling back to default profiles: default
2018-08-05 21:49:06.452  INFO 3900 --- [restartedMain] ConfigServletWebServerApplicationContext : Refreshing org.springframework.boot.web.servlet.context.AnnotationConfigServletWebServerApplicationContext@32a7b465: startup date [Sun Aug 05 21:49:06 CST 2018]; root of context hierarchy
2018-08-05 21:49:07.577  WARN 3900 --- [restartedMain] o.m.s.mapper.ClassPathMapperScanner      : No MyBatis mapper was found in '[com.sola.alittledemo]' package. Please check your configuration.
2018-08-05 21:49:08.014  INFO 3900 --- [restartedMain] trationDelegate$BeanPostProcessorChecker : Bean 'org.springframework.kafka.annotation.KafkaBootstrapConfiguration' of type [org.springframework.kafka.annotation.KafkaBootstrapConfiguration$$EnhancerBySpringCGLIB$$6d4817f2] is not eligible for getting processed by all BeanPostProcessors (for example: not eligible for auto-proxying)
2018-08-05 21:49:08.077  INFO 3900 --- [restartedMain] trationDelegate$BeanPostProcessorChecker : Bean 'org.springframework.transaction.annotation.ProxyTransactionManagementConfiguration' of type [org.springframework.transaction.annotation.ProxyTransactionManagementConfiguration$$EnhancerBySpringCGLIB$$9996066f] is not eligible for getting processed by all BeanPostProcessors (for example: not eligible for auto-proxying)
2018-08-05 21:49:08.593  INFO 3900 --- [restartedMain] o.s.b.w.embedded.tomcat.TomcatWebServer  : Tomcat initialized with port(s): 9000 (http)
2018-08-05 21:49:08.608  INFO 3900 --- [restartedMain] o.apache.catalina.core.StandardService   : Starting service [Tomcat]
2018-08-05 21:49:08.608  INFO 3900 --- [restartedMain] org.apache.catalina.core.StandardEngine  : Starting Servlet Engine: Apache Tomcat/8.5.32
2018-08-05 21:49:08.624  INFO 3900 --- [localhost-startStop-1] o.a.catalina.core.AprLifecycleListener   : The APR based Apache Tomcat Native library which allows optimal performance in production environments was not found on the java.library.path: [D:\Java\jdk1.8.0_181\bin;C:\WINDOWS\Sun\Java\bin;C:\WINDOWS\system32;C:\WINDOWS;C:\Program Files (x86)\Common Files\Oracle\Java\javapath;C:\WINDOWS\SYSTEM32;C:\WINDOWS;C:\WINDOWS\SYSTEM32\WBEM;C:\WINDOWS\SYSTEM32\WINDOWSPOWERSHELL\V1.0\;C:\WINDOWS\SYSTEM32\OPENSSH\;C:\Program Files (x86)\NVIDIA Corporation\PhysX\Common;D:\Git\cmd;C:\Android;C:\Windows\System32;C:\Users\Sola\AppData\Local\Microsoft\WindowsApps;;.]
2018-08-05 21:49:08.718  INFO 3900 --- [localhost-startStop-1] o.a.c.c.C.[Tomcat].[localhost].[/sola]   : Initializing Spring embedded WebApplicationContext
2018-08-05 21:49:08.718  INFO 3900 --- [localhost-startStop-1] o.s.web.context.ContextLoader            : Root WebApplicationContext: initialization completed in 2266 ms
2018-08-05 21:49:08.796  INFO 3900 --- [localhost-startStop-1] o.s.b.w.servlet.ServletRegistrationBean  : Servlet dispatcherServlet mapped to [/]
2018-08-05 21:49:08.827  INFO 3900 --- [localhost-startStop-1] o.s.b.w.servlet.FilterRegistrationBean   : Mapping filter: 'characterEncodingFilter' to: [/*]
2018-08-05 21:49:08.827  INFO 3900 --- [localhost-startStop-1] o.s.b.w.servlet.FilterRegistrationBean   : Mapping filter: 'hiddenHttpMethodFilter' to: [/*]
2018-08-05 21:49:08.827  INFO 3900 --- [localhost-startStop-1] o.s.b.w.servlet.FilterRegistrationBean   : Mapping filter: 'httpPutFormContentFilter' to: [/*]
2018-08-05 21:49:08.827  INFO 3900 --- [localhost-startStop-1] o.s.b.w.servlet.FilterRegistrationBean   : Mapping filter: 'requestContextFilter' to: [/*]
2018-08-05 21:49:09.046  INFO 3900 --- [restartedMain] o.s.w.s.handler.SimpleUrlHandlerMapping  : Mapped URL path [/**/favicon.ico] onto handler of type [class org.springframework.web.servlet.resource.ResourceHttpRequestHandler]
2018-08-05 21:49:09.374  INFO 3900 --- [restartedMain] s.w.s.m.m.a.RequestMappingHandlerAdapter : Looking for @ControllerAdvice: org.springframework.boot.web.servlet.context.AnnotationConfigServletWebServerApplicationContext@32a7b465: startup date [Sun Aug 05 21:49:06 CST 2018]; root of context hierarchy
2018-08-05 21:49:09.436  INFO 3900 --- [restartedMain] s.w.s.m.m.a.RequestMappingHandlerMapping : Mapped "{[/user/{userId}],methods=[GET]}" onto public java.lang.Object com.sola.alittledemo.controller.UserController.getUser(java.lang.Long)
2018-08-05 21:49:09.436  INFO 3900 --- [restartedMain] s.w.s.m.m.a.RequestMappingHandlerMapping : Mapped "{[/error]}" onto public org.springframework.http.ResponseEntity<java.util.Map<java.lang.String, java.lang.Object>> org.springframework.boot.autoconfigure.web.servlet.error.BasicErrorController.error(javax.servlet.http.HttpServletRequest)
2018-08-05 21:49:09.436  INFO 3900 --- [restartedMain] s.w.s.m.m.a.RequestMappingHandlerMapping : Mapped "{[/error],produces=[text/html]}" onto public org.springframework.web.servlet.ModelAndView org.springframework.boot.autoconfigure.web.servlet.error.BasicErrorController.errorHtml(javax.servlet.http.HttpServletRequest,javax.servlet.http.HttpServletResponse)
2018-08-05 21:49:09.468  INFO 3900 --- [restartedMain] o.s.w.s.handler.SimpleUrlHandlerMapping  : Mapped URL path [/webjars/**] onto handler of type [class org.springframework.web.servlet.resource.ResourceHttpRequestHandler]
2018-08-05 21:49:09.468  INFO 3900 --- [restartedMain] o.s.w.s.handler.SimpleUrlHandlerMapping  : Mapped URL path [/**] onto handler of type [class org.springframework.web.servlet.resource.ResourceHttpRequestHandler]
2018-08-05 21:49:10.124  WARN 3900 --- [restartedMain] o.s.b.d.a.OptionalLiveReloadServer       : Unable to start LiveReload server
2018-08-05 21:49:10.155  INFO 3900 --- [restartedMain] o.s.j.e.a.AnnotationMBeanExporter        : Registering beans for JMX exposure on startup
2018-08-05 21:49:10.155  INFO 3900 --- [restartedMain] o.s.j.e.a.AnnotationMBeanExporter        : Bean with name 'dataSource' has been autodetected for JMX exposure
2018-08-05 21:49:10.155  INFO 3900 --- [restartedMain] o.s.j.e.a.AnnotationMBeanExporter        : Located MBean 'dataSource': registering with JMX server as MBean [com.zaxxer.hikari:name=dataSource,type=HikariDataSource]
2018-08-05 21:49:10.171  INFO 3900 --- [restartedMain] o.s.c.support.DefaultLifecycleProcessor  : Starting beans in phase 2147483547
2018-08-05 21:49:10.186 ERROR 3900 --- [restartedMain] o.apache.catalina.core.StandardService   : Failed to start connector [Connector[HTTP/1.1-9000]]

org.apache.catalina.LifecycleException: Failed to start component [Connector[HTTP/1.1-9000]]
	at org.apache.catalina.util.LifecycleBase.start(LifecycleBase.java:167) ~[tomcat-embed-core-8.5.32.jar:8.5.32]
	at org.apache.catalina.core.StandardService.addConnector(StandardService.java:225) ~[tomcat-embed-core-8.5.32.jar:8.5.32]
	at org.springframework.boot.web.embedded.tomcat.TomcatWebServer.addPreviouslyRemovedConnectors(TomcatWebServer.java:256) [spring-boot-2.0.4.RELEASE.jar:2.0.4.RELEASE]
	at org.springframework.boot.web.embedded.tomcat.TomcatWebServer.start(TomcatWebServer.java:198) [spring-boot-2.0.4.RELEASE.jar:2.0.4.RELEASE]
	at org.springframework.boot.web.servlet.context.ServletWebServerApplicationContext.startWebServer(ServletWebServerApplicationContext.java:300) [spring-boot-2.0.4.RELEASE.jar:2.0.4.RELEASE]
	at org.springframework.boot.web.servlet.context.ServletWebServerApplicationContext.finishRefresh(ServletWebServerApplicationContext.java:162) [spring-boot-2.0.4.RELEASE.jar:2.0.4.RELEASE]
	at org.springframework.context.support.AbstractApplicationContext.refresh(AbstractApplicationContext.java:553) [spring-context-5.0.8.RELEASE.jar:5.0.8.RELEASE]
	at org.springframework.boot.web.servlet.context.ServletWebServerApplicationContext.refresh(ServletWebServerApplicationContext.java:140) [spring-boot-2.0.4.RELEASE.jar:2.0.4.RELEASE]
	at org.springframework.boot.SpringApplication.refresh(SpringApplication.java:762) [spring-boot-2.0.4.RELEASE.jar:2.0.4.RELEASE]
	at org.springframework.boot.SpringApplication.refreshContext(SpringApplication.java:398) [spring-boot-2.0.4.RELEASE.jar:2.0.4.RELEASE]
	at org.springframework.boot.SpringApplication.run(SpringApplication.java:330) [spring-boot-2.0.4.RELEASE.jar:2.0.4.RELEASE]
	at org.springframework.boot.SpringApplication.run(SpringApplication.java:1258) [spring-boot-2.0.4.RELEASE.jar:2.0.4.RELEASE]
	at org.springframework.boot.SpringApplication.run(SpringApplication.java:1246) [spring-boot-2.0.4.RELEASE.jar:2.0.4.RELEASE]
	at com.sola.alittledemo.AlittledemoApplication.main(AlittledemoApplication.java:10) [classes/:na]
	at sun.reflect.NativeMethodAccessorImpl.invoke0(Native Method) ~[na:1.8.0_181]
	at sun.reflect.NativeMethodAccessorImpl.invoke(NativeMethodAccessorImpl.java:62) ~[na:1.8.0_181]
	at sun.reflect.DelegatingMethodAccessorImpl.invoke(DelegatingMethodAccessorImpl.java:43) ~[na:1.8.0_181]
	at java.lang.reflect.Method.invoke(Method.java:498) ~[na:1.8.0_181]
	at org.springframework.boot.devtools.restart.RestartLauncher.run(RestartLauncher.java:49) [spring-boot-devtools-2.0.4.RELEASE.jar:2.0.4.RELEASE]
Caused by: org.apache.catalina.LifecycleException: Protocol handler start failed
	at org.apache.catalina.connector.Connector.startInternal(Connector.java:1020) ~[tomcat-embed-core-8.5.32.jar:8.5.32]
	at org.apache.catalina.util.LifecycleBase.start(LifecycleBase.java:150) ~[tomcat-embed-core-8.5.32.jar:8.5.32]
	... 18 common frames omitted
Caused by: java.net.BindException: Address already in use: bind
	at sun.nio.ch.Net.bind0(Native Method) ~[na:1.8.0_181]
	at sun.nio.ch.Net.bind(Net.java:433) ~[na:1.8.0_181]
	at sun.nio.ch.Net.bind(Net.java:425) ~[na:1.8.0_181]
	at sun.nio.ch.ServerSocketChannelImpl.bind(ServerSocketChannelImpl.java:223) ~[na:1.8.0_181]
	at sun.nio.ch.ServerSocketAdaptor.bind(ServerSocketAdaptor.java:74) ~[na:1.8.0_181]
	at org.apache.tomcat.util.net.NioEndpoint.bind(NioEndpoint.java:210) ~[tomcat-embed-core-8.5.32.jar:8.5.32]
	at org.apache.tomcat.util.net.AbstractEndpoint.start(AbstractEndpoint.java:1150) ~[tomcat-embed-core-8.5.32.jar:8.5.32]
	at org.apache.coyote.AbstractProtocol.start(AbstractProtocol.java:591) ~[tomcat-embed-core-8.5.32.jar:8.5.32]
	at org.apache.catalina.connector.Connector.startInternal(Connector.java:1018) ~[tomcat-embed-core-8.5.32.jar:8.5.32]
	... 19 common frames omitted

2018-08-05 21:49:10.186  INFO 3900 --- [restartedMain] o.apache.catalina.core.StandardService   : Stopping service [Tomcat]
2018-08-05 21:49:10.202  INFO 3900 --- [restartedMain] ConditionEvaluationReportLoggingListener : 

Error starting ApplicationContext. To display the conditions report re-run your application with 'debug' enabled.
2018-08-05 21:49:10.218 ERROR 3900 --- [restartedMain] o.s.b.d.LoggingFailureAnalysisReporter   : 

***************************
APPLICATION FAILED TO START
***************************

Description:

The Tomcat connector configured to listen on port 9000 failed to start. The port may already be in use or the connector may be misconfigured.

Action:

Verify the connector's configuration, identify and stop any process that's listening on port 9000, or configure this application to listen on another port.

2018-08-05 21:49:10.218  INFO 3900 --- [restartedMain] ConfigServletWebServerApplicationContext : Closing org.springframework.boot.web.servlet.context.AnnotationConfigServletWebServerApplicationContext@32a7b465: startup date [Sun Aug 05 21:49:06 CST 2018]; root of context hierarchy
2018-08-05 21:49:10.218  INFO 3900 --- [restartedMain] o.s.c.support.DefaultLifecycleProcessor  : Stopping beans in phase 2147483547
2018-08-05 21:49:10.218  INFO 3900 --- [restartedMain] o.s.c.support.DefaultLifecycleProcessor  : Stopping beans in phase 0
2018-08-05 21:49:10.218  INFO 3900 --- [restartedMain] o.s.j.e.a.AnnotationMBeanExporter        : Unregistering JMX-exposed beans on shutdown
2018-08-05 21:49:10.218  INFO 3900 --- [restartedMain] o.s.j.e.a.AnnotationMBeanExporter        : Unregistering JMX-exposed beans
2018-08-05 21:49:21.908  INFO 8700 --- [restartedMain] c.s.alittledemo.AlittledemoApplication   : Starting AlittledemoApplication on Sola with PID 8700 (started by Sola in D:\IntelliJ IDEA Projects\alittledemo)
2018-08-05 21:49:21.908  INFO 8700 --- [restartedMain] c.s.alittledemo.AlittledemoApplication   : No active profile set, falling back to default profiles: default
2018-08-05 21:49:22.002  INFO 8700 --- [restartedMain] ConfigServletWebServerApplicationContext : Refreshing org.springframework.boot.web.servlet.context.AnnotationConfigServletWebServerApplicationContext@63e35e23: startup date [Sun Aug 05 21:49:22 CST 2018]; root of context hierarchy
2018-08-05 21:49:22.893  WARN 8700 --- [restartedMain] o.m.s.mapper.ClassPathMapperScanner      : No MyBatis mapper was found in '[com.sola.alittledemo]' package. Please check your configuration.
2018-08-05 21:49:23.330  INFO 8700 --- [restartedMain] trationDelegate$BeanPostProcessorChecker : Bean 'org.springframework.kafka.annotation.KafkaBootstrapConfiguration' of type [org.springframework.kafka.annotation.KafkaBootstrapConfiguration$$EnhancerBySpringCGLIB$$ddd5e05e] is not eligible for getting processed by all BeanPostProcessors (for example: not eligible for auto-proxying)
2018-08-05 21:49:23.393  INFO 8700 --- [restartedMain] trationDelegate$BeanPostProcessorChecker : Bean 'org.springframework.transaction.annotation.ProxyTransactionManagementConfiguration' of type [org.springframework.transaction.annotation.ProxyTransactionManagementConfiguration$$EnhancerBySpringCGLIB$$a23cedb] is not eligible for getting processed by all BeanPostProcessors (for example: not eligible for auto-proxying)
2018-08-05 21:49:23.893  INFO 8700 --- [restartedMain] o.s.b.w.embedded.tomcat.TomcatWebServer  : Tomcat initialized with port(s): 9000 (http)
2018-08-05 21:49:23.924  INFO 8700 --- [restartedMain] o.apache.catalina.core.StandardService   : Starting service [Tomcat]
2018-08-05 21:49:23.924  INFO 8700 --- [restartedMain] org.apache.catalina.core.StandardEngine  : Starting Servlet Engine: Apache Tomcat/8.5.32
2018-08-05 21:49:23.939  INFO 8700 --- [localhost-startStop-1] o.a.catalina.core.AprLifecycleListener   : The APR based Apache Tomcat Native library which allows optimal performance in production environments was not found on the java.library.path: [D:\Java\jdk1.8.0_181\bin;C:\WINDOWS\Sun\Java\bin;C:\WINDOWS\system32;C:\WINDOWS;C:\Program Files (x86)\Common Files\Oracle\Java\javapath;C:\WINDOWS\SYSTEM32;C:\WINDOWS;C:\WINDOWS\SYSTEM32\WBEM;C:\WINDOWS\SYSTEM32\WINDOWSPOWERSHELL\V1.0\;C:\WINDOWS\SYSTEM32\OPENSSH\;C:\Program Files (x86)\NVIDIA Corporation\PhysX\Common;D:\Git\cmd;C:\Android;C:\Windows\System32;C:\Users\Sola\AppData\Local\Microsoft\WindowsApps;;.]
2018-08-05 21:49:24.033  INFO 8700 --- [localhost-startStop-1] o.a.c.c.C.[Tomcat].[localhost].[/sola]   : Initializing Spring embedded WebApplicationContext
2018-08-05 21:49:24.049  INFO 8700 --- [localhost-startStop-1] o.s.web.context.ContextLoader            : Root WebApplicationContext: initialization completed in 2047 ms
2018-08-05 21:49:24.111  INFO 8700 --- [localhost-startStop-1] o.s.b.w.servlet.ServletRegistrationBean  : Servlet dispatcherServlet mapped to [/]
2018-08-05 21:49:24.127  INFO 8700 --- [localhost-startStop-1] o.s.b.w.servlet.FilterRegistrationBean   : Mapping filter: 'characterEncodingFilter' to: [/*]
2018-08-05 21:49:24.127  INFO 8700 --- [localhost-startStop-1] o.s.b.w.servlet.FilterRegistrationBean   : Mapping filter: 'hiddenHttpMethodFilter' to: [/*]
2018-08-05 21:49:24.127  INFO 8700 --- [localhost-startStop-1] o.s.b.w.servlet.FilterRegistrationBean   : Mapping filter: 'httpPutFormContentFilter' to: [/*]
2018-08-05 21:49:24.127  INFO 8700 --- [localhost-startStop-1] o.s.b.w.servlet.FilterRegistrationBean   : Mapping filter: 'requestContextFilter' to: [/*]
2018-08-05 21:49:24.268  INFO 8700 --- [restartedMain] o.s.w.s.handler.SimpleUrlHandlerMapping  : Mapped URL path [/**/favicon.ico] onto handler of type [class org.springframework.web.servlet.resource.ResourceHttpRequestHandler]
2018-08-05 21:49:24.533  INFO 8700 --- [restartedMain] s.w.s.m.m.a.RequestMappingHandlerAdapter : Looking for @ControllerAdvice: org.springframework.boot.web.servlet.context.AnnotationConfigServletWebServerApplicationContext@63e35e23: startup date [Sun Aug 05 21:49:22 CST 2018]; root of context hierarchy
2018-08-05 21:49:24.596  INFO 8700 --- [restartedMain] s.w.s.m.m.a.RequestMappingHandlerMapping : Mapped "{[/user/{userId}],methods=[GET]}" onto public java.lang.Object com.sola.alittledemo.controller.UserController.getUser(java.lang.Long)
2018-08-05 21:49:24.596  INFO 8700 --- [restartedMain] s.w.s.m.m.a.RequestMappingHandlerMapping : Mapped "{[/error]}" onto public org.springframework.http.ResponseEntity<java.util.Map<java.lang.String, java.lang.Object>> org.springframework.boot.autoconfigure.web.servlet.error.BasicErrorController.error(javax.servlet.http.HttpServletRequest)
2018-08-05 21:49:24.596  INFO 8700 --- [restartedMain] s.w.s.m.m.a.RequestMappingHandlerMapping : Mapped "{[/error],produces=[text/html]}" onto public org.springframework.web.servlet.ModelAndView org.springframework.boot.autoconfigure.web.servlet.error.BasicErrorController.errorHtml(javax.servlet.http.HttpServletRequest,javax.servlet.http.HttpServletResponse)
2018-08-05 21:49:24.627  INFO 8700 --- [restartedMain] o.s.w.s.handler.SimpleUrlHandlerMapping  : Mapped URL path [/webjars/**] onto handler of type [class org.springframework.web.servlet.resource.ResourceHttpRequestHandler]
2018-08-05 21:49:24.627  INFO 8700 --- [restartedMain] o.s.w.s.handler.SimpleUrlHandlerMapping  : Mapped URL path [/**] onto handler of type [class org.springframework.web.servlet.resource.ResourceHttpRequestHandler]
2018-08-05 21:49:25.268  INFO 8700 --- [restartedMain] o.s.b.d.a.OptionalLiveReloadServer       : LiveReload server is running on port 35729
2018-08-05 21:49:25.299  INFO 8700 --- [restartedMain] o.s.j.e.a.AnnotationMBeanExporter        : Registering beans for JMX exposure on startup
2018-08-05 21:49:25.314  INFO 8700 --- [restartedMain] o.s.j.e.a.AnnotationMBeanExporter        : Bean with name 'dataSource' has been autodetected for JMX exposure
2018-08-05 21:49:25.314  INFO 8700 --- [restartedMain] o.s.j.e.a.AnnotationMBeanExporter        : Located MBean 'dataSource': registering with JMX server as MBean [com.zaxxer.hikari:name=dataSource,type=HikariDataSource]
2018-08-05 21:49:25.330  INFO 8700 --- [restartedMain] o.s.c.support.DefaultLifecycleProcessor  : Starting beans in phase 2147483547
2018-08-05 21:49:25.361  INFO 8700 --- [restartedMain] o.s.b.w.embedded.tomcat.TomcatWebServer  : Tomcat started on port(s): 9000 (http) with context path '/sola'
2018-08-05 21:49:25.361  INFO 8700 --- [restartedMain] c.s.alittledemo.AlittledemoApplication   : Started AlittledemoApplication in 4.089 seconds (JVM running for 5.25)
2018-08-05 21:50:00.946  INFO 8700 --- [http-nio-9000-exec-2] o.a.c.c.C.[Tomcat].[localhost].[/sola]   : Initializing Spring FrameworkServlet 'dispatcherServlet'
2018-08-05 21:50:00.946  INFO 8700 --- [http-nio-9000-exec-2] o.s.web.servlet.DispatcherServlet        : FrameworkServlet 'dispatcherServlet': initialization started
2018-08-05 21:50:00.992  INFO 8700 --- [http-nio-9000-exec-2] o.s.web.servlet.DispatcherServlet        : FrameworkServlet 'dispatcherServlet': initialization completed in 46 ms
2018-08-05 21:50:27.281  INFO 8700 --- [http-nio-9000-exec-7] c.s.a.controller.UserController          : 查询用户, 用户id: 1
2018-08-05 21:50:41.890  INFO 8700 --- [Thread-14] ConfigServletWebServerApplicationContext : Closing org.springframework.boot.web.servlet.context.AnnotationConfigServletWebServerApplicationContext@63e35e23: startup date [Sun Aug 05 21:49:22 CST 2018]; root of context hierarchy
2018-08-05 21:50:41.890  INFO 8700 --- [Thread-14] o.s.c.support.DefaultLifecycleProcessor  : Stopping beans in phase 2147483547
2018-08-05 21:50:41.890  INFO 8700 --- [Thread-14] o.s.c.support.DefaultLifecycleProcessor  : Stopping beans in phase 0
2018-08-05 21:50:41.890  INFO 8700 --- [Thread-14] o.s.j.e.a.AnnotationMBeanExporter        : Unregistering JMX-exposed beans on shutdown
2018-08-05 21:50:41.890  INFO 8700 --- [Thread-14] o.s.j.e.a.AnnotationMBeanExporter        : Unregistering JMX-exposed beans
2018-08-05 21:50:42.468  INFO 8700 --- [restartedMain] c.s.alittledemo.AlittledemoApplication   : Starting AlittledemoApplication on Sola with PID 8700 (started by Sola in D:\IntelliJ IDEA Projects\alittledemo)
2018-08-05 21:50:42.468  INFO 8700 --- [restartedMain] c.s.alittledemo.AlittledemoApplication   : No active profile set, falling back to default profiles: default
2018-08-05 21:50:42.468  INFO 8700 --- [restartedMain] ConfigServletWebServerApplicationContext : Refreshing org.springframework.boot.web.servlet.context.AnnotationConfigServletWebServerApplicationContext@4f69b14f: startup date [Sun Aug 05 21:50:42 CST 2018]; root of context hierarchy
2018-08-05 21:50:43.202  WARN 8700 --- [restartedMain] o.m.s.mapper.ClassPathMapperScanner      : No MyBatis mapper was found in '[com.sola.alittledemo]' package. Please check your configuration.
2018-08-05 21:50:43.265  INFO 8700 --- [restartedMain] trationDelegate$BeanPostProcessorChecker : Bean 'org.springframework.kafka.annotation.KafkaBootstrapConfiguration' of type [org.springframework.kafka.annotation.KafkaBootstrapConfiguration$$EnhancerBySpringCGLIB$$ddd5e05e] is not eligible for getting processed by all BeanPostProcessors (for example: not eligible for auto-proxying)
2018-08-05 21:50:43.265  INFO 8700 --- [restartedMain] trationDelegate$BeanPostProcessorChecker : Bean 'org.springframework.transaction.annotation.ProxyTransactionManagementConfiguration' of type [org.springframework.transaction.annotation.ProxyTransactionManagementConfiguration$$EnhancerBySpringCGLIB$$a23cedb] is not eligible for getting processed by all BeanPostProcessors (for example: not eligible for auto-proxying)
2018-08-05 21:50:43.390  INFO 8700 --- [restartedMain] o.s.b.w.embedded.tomcat.TomcatWebServer  : Tomcat initialized with port(s): 9000 (http)
2018-08-05 21:50:43.405  INFO 8700 --- [restartedMain] o.apache.catalina.core.StandardService   : Starting service [Tomcat]
2018-08-05 21:50:43.405  INFO 8700 --- [restartedMain] org.apache.catalina.core.StandardEngine  : Starting Servlet Engine: Apache Tomcat/8.5.32
2018-08-05 21:50:43.436  INFO 8700 --- [localhost-startStop-1] o.a.c.c.C.[Tomcat].[localhost].[/]       : Initializing Spring embedded WebApplicationContext
2018-08-05 21:50:43.452  INFO 8700 --- [localhost-startStop-1] o.s.web.context.ContextLoader            : Root WebApplicationContext: initialization completed in 984 ms
2018-08-05 21:50:43.468  INFO 8700 --- [localhost-startStop-1] o.s.b.w.servlet.ServletRegistrationBean  : Servlet dispatcherServlet mapped to [/]
2018-08-05 21:50:43.468  INFO 8700 --- [localhost-startStop-1] o.s.b.w.servlet.FilterRegistrationBean   : Mapping filter: 'characterEncodingFilter' to: [/*]
2018-08-05 21:50:43.468  INFO 8700 --- [localhost-startStop-1] o.s.b.w.servlet.FilterRegistrationBean   : Mapping filter: 'hiddenHttpMethodFilter' to: [/*]
2018-08-05 21:50:43.468  INFO 8700 --- [localhost-startStop-1] o.s.b.w.servlet.FilterRegistrationBean   : Mapping filter: 'httpPutFormContentFilter' to: [/*]
2018-08-05 21:50:43.468  INFO 8700 --- [localhost-startStop-1] o.s.b.w.servlet.FilterRegistrationBean   : Mapping filter: 'requestContextFilter' to: [/*]
2018-08-05 21:50:43.515  INFO 8700 --- [restartedMain] o.s.w.s.handler.SimpleUrlHandlerMapping  : Mapped URL path [/**/favicon.ico] onto handler of type [class org.springframework.web.servlet.resource.ResourceHttpRequestHandler]
2018-08-05 21:50:43.608  INFO 8700 --- [restartedMain] s.w.s.m.m.a.RequestMappingHandlerAdapter : Looking for @ControllerAdvice: org.springframework.boot.web.servlet.context.AnnotationConfigServletWebServerApplicationContext@4f69b14f: startup date [Sun Aug 05 21:50:42 CST 2018]; root of context hierarchy
2018-08-05 21:50:43.624  INFO 8700 --- [restartedMain] s.w.s.m.m.a.RequestMappingHandlerMapping : Mapped "{[/user/{userId}],methods=[GET]}" onto public java.lang.Object com.sola.alittledemo.controller.UserController.getUser(java.lang.Long)
2018-08-05 21:50:43.624  INFO 8700 --- [restartedMain] s.w.s.m.m.a.RequestMappingHandlerMapping : Mapped "{[/error]}" onto public org.springframework.http.ResponseEntity<java.util.Map<java.lang.String, java.lang.Object>> org.springframework.boot.autoconfigure.web.servlet.error.BasicErrorController.error(javax.servlet.http.HttpServletRequest)
2018-08-05 21:50:43.624  INFO 8700 --- [restartedMain] s.w.s.m.m.a.RequestMappingHandlerMapping : Mapped "{[/error],produces=[text/html]}" onto public org.springframework.web.servlet.ModelAndView org.springframework.boot.autoconfigure.web.servlet.error.BasicErrorController.errorHtml(javax.servlet.http.HttpServletRequest,javax.servlet.http.HttpServletResponse)
2018-08-05 21:50:43.640  INFO 8700 --- [restartedMain] o.s.w.s.handler.SimpleUrlHandlerMapping  : Mapped URL path [/webjars/**] onto handler of type [class org.springframework.web.servlet.resource.ResourceHttpRequestHandler]
2018-08-05 21:50:43.640  INFO 8700 --- [restartedMain] o.s.w.s.handler.SimpleUrlHandlerMapping  : Mapped URL path [/**] onto handler of type [class org.springframework.web.servlet.resource.ResourceHttpRequestHandler]
2018-08-05 21:50:43.796  INFO 8700 --- [restartedMain] o.s.b.d.a.OptionalLiveReloadServer       : LiveReload server is running on port 35729
2018-08-05 21:50:43.827  INFO 8700 --- [restartedMain] o.s.j.e.a.AnnotationMBeanExporter        : Registering beans for JMX exposure on startup
2018-08-05 21:50:43.827  INFO 8700 --- [restartedMain] o.s.j.e.a.AnnotationMBeanExporter        : Bean with name 'dataSource' has been autodetected for JMX exposure
2018-08-05 21:50:43.827  INFO 8700 --- [restartedMain] o.s.j.e.a.AnnotationMBeanExporter        : Located MBean 'dataSource': registering with JMX server as MBean [com.zaxxer.hikari:name=dataSource,type=HikariDataSource]
2018-08-05 21:50:43.827  INFO 8700 --- [restartedMain] o.s.c.support.DefaultLifecycleProcessor  : Starting beans in phase 2147483547
2018-08-05 21:50:43.843  INFO 8700 --- [restartedMain] o.s.b.w.embedded.tomcat.TomcatWebServer  : Tomcat started on port(s): 9000 (http) with context path ''
2018-08-05 21:50:43.843  INFO 8700 --- [restartedMain] c.s.alittledemo.AlittledemoApplication   : Started AlittledemoApplication in 1.453 seconds (JVM running for 83.731)
2018-08-05 21:50:43.843  INFO 8700 --- [restartedMain] .ConditionEvaluationDeltaLoggingListener : Condition evaluation unchanged
2018-08-05 21:50:43.936  INFO 8700 --- [http-nio-9000-exec-1] o.a.c.c.C.[Tomcat].[localhost].[/]       : Initializing Spring FrameworkServlet 'dispatcherServlet'
2018-08-05 21:50:43.936  INFO 8700 --- [http-nio-9000-exec-1] o.s.web.servlet.DispatcherServlet        : FrameworkServlet 'dispatcherServlet': initialization started
2018-08-05 21:50:43.936  INFO 8700 --- [http-nio-9000-exec-1] o.s.web.servlet.DispatcherServlet        : FrameworkServlet 'dispatcherServlet': initialization completed in 0 ms
2018-08-05 21:50:43.936  INFO 8700 --- [http-nio-9000-exec-1] c.s.a.controller.UserController          : 查询用户, 用户id: 1
2018-08-05 21:50:52.883  INFO 8700 --- [http-nio-9000-exec-2] c.s.a.controller.UserController          : 查询用户, 用户id: 1
2018-08-05 21:50:54.336  INFO 8700 --- [http-nio-9000-exec-5] c.s.a.controller.UserController          : 查询用户, 用户id: 1
2018-08-05 21:52:05.238  INFO 8700 --- [http-nio-9000-exec-7] c.s.a.controller.UserController          : 查询用户, 用户id: 1
2018-08-05 21:52:10.946  INFO 8700 --- [http-nio-9000-exec-8] c.s.a.controller.UserController          : 查询用户, 用户id: 55
